\BOOKMARK [0][-]{chapter.1}{Categories}{}% 1
\BOOKMARK [1][-]{section.1.1}{Monoids}{chapter.1}% 2
\BOOKMARK [1][-]{section.1.2}{Preorders}{chapter.1}% 3
\BOOKMARK [1][-]{section.1.3}{Free Categories}{chapter.1}% 4
\BOOKMARK [1][-]{section.1.4}{Set and FinSet}{chapter.1}% 5
\BOOKMARK [1][-]{section.1.5}{Limits and Colimits}{chapter.1}% 6
\BOOKMARK [1][-]{section.1.6}{Dagger}{chapter.1}% 7
\BOOKMARK [1][-]{section.1.7}{Monoid Enrichment}{chapter.1}% 8
\BOOKMARK [1][-]{section.1.8}{Preorder Enrichment}{chapter.1}% 9
\BOOKMARK [0][-]{chapter.2}{Monoidal categories}{}% 10
\BOOKMARK [1][-]{section.2.1}{Preordered monoids}{chapter.2}% 11
\BOOKMARK [1][-]{section.2.2}{Premonoidal categories}{chapter.2}% 12
\BOOKMARK [1][-]{section.2.3}{Planar diagram rewriting}{chapter.2}% 13
\BOOKMARK [1][-]{section.2.4}{Braids and symmetry}{chapter.2}% 14
\BOOKMARK [1][-]{section.2.5}{Cartesian categories}{chapter.2}% 15
\BOOKMARK [0][-]{chapter.3}{Closed categories}{}% 16
\BOOKMARK [1][-]{section.3.1}{Residuated monoids}{chapter.3}% 17
\BOOKMARK [1][-]{section.3.2}{Biclosed categories}{chapter.3}% 18
\BOOKMARK [1][-]{section.3.3}{Pregroups}{chapter.3}% 19
\BOOKMARK [1][-]{section.3.4}{Rigid categories}{chapter.3}% 20
\BOOKMARK [1][-]{section.3.5}{Hypergraph categories}{chapter.3}% 21
\BOOKMARK [1][-]{section.3.6}{Cartesian closed categories}{chapter.3}% 22
\BOOKMARK [0][-]{chapter.4}{Formal grammars}{}% 23
\BOOKMARK [1][-]{section.4.1}{Unrestricted}{chapter.4}% 24
\BOOKMARK [1][-]{section.4.2}{Context-free}{chapter.4}% 25
\BOOKMARK [1][-]{section.4.3}{Categorial}{chapter.4}% 26
\BOOKMARK [1][-]{section.4.4}{Pregroup}{chapter.4}% 27
\BOOKMARK [1][-]{section.4.5}{Dependency}{chapter.4}% 28
\BOOKMARK [0][-]{chapter.5}{Tensor networks}{}% 29
\BOOKMARK [0][-]{chapter.6}{Quantum processes}{}% 30
\BOOKMARK [0][-]{chapter.7}{Bubbles and gradients}{}% 31
\BOOKMARK [0][-]{chapter*.2}{References}{}% 32
